0 info it worked if it ends with ok
1 verbose cli [
1 verbose cli   'C:\\Program Files\\nodejs\\node.exe',
1 verbose cli   'C:\\Users\\DELL\\AppData\\Roaming\\npm\\node_modules\\npm\\bin\\npm-cli.js',
1 verbose cli   'start'
1 verbose cli ]
2 info using npm@3.10.10
3 info using node@v12.14.0
4 verbose run-script [ 'prestart', 'start', 'poststart' ]
5 info lifecycle minerva@1.0.0~prestart: minerva@1.0.0
6 silly lifecycle minerva@1.0.0~prestart: no script for prestart, continuing
7 info lifecycle minerva@1.0.0~start: minerva@1.0.0
8 verbose lifecycle minerva@1.0.0~start: unsafe-perm in lifecycle true
9 verbose lifecycle minerva@1.0.0~start: PATH: C:\Users\DELL\AppData\Roaming\npm\node_modules\npm\bin\node-gyp-bin;C:\Users\DELL\Desktop\github\MinervaWeb\minerva\client\node_modules\.bin;C:\Program Files\NVIDIA GPU Computing Toolkit\CUDA\v11.1\bin;C:\Program Files\NVIDIA GPU Computing Toolkit\CUDA\v11.1\libnvvp;C:\Program Files\Haskell\bin;C:\Program Files\Haskell Platform\8.6.5\lib\extralibs\bin;C:\Program Files\Haskell Platform\8.6.5\bin;C:\Program Files\Python36\Scripts\;C:\Program Files\Python36\;C:\Program Files (x86)\Common Files\Oracle\Java\javapath;C:\WINDOWS\system32;C:\WINDOWS;C:\WINDOWS\System32\Wbem;C:\WINDOWS\System32\WindowsPowerShell\v1.0\;C:\WINDOWS\System32\OpenSSH\;C:\Program Files\dotnet\;C:\Program Files (x86)\QuickTime\QTSystem\;C:\ProgramData\chocolatey\bin;C:\Program Files (x86)\PharosSystems\Core;C:\Program Files\nodejs\;C:\Program Files\Haskell Platform\8.6.5\mingw\bin;C:\Program Files\MiKTeX 2.9\miktex\bin\x64\;C:\Program Files\MATLAB\R2020a\bin;C:\Program Files\NVIDIA Corporation\Nsight Compute 2020.2.1\;C:\Program Files (x86)\NVIDIA Corporation\PhysX\Common;C:\Program Files\NVIDIA Corporation\NVIDIA NvDLISR;C:\Program Files\Git\cmd;C:\Users\DELL\AppData\Roaming\cabal\bin;C:\Users\DELL\AppData\Roaming\local\bin;C:\Users\DELL\AppData\Local\Programs\Python\Python38\Scripts\;C:\Users\DELL\AppData\Local\Programs\Python\Python38\;C:\Users\DELL\AppData\Local\Microsoft\WindowsApps;C:\Users\DELL\AppData\Local\atom\bin;C:\Users\DELL\AppData\Local\GitHubDesktop\bin;C:\Program Files\Java\jdk-13.0.1\bin;C:\Users\DELL\AppData\Roaming\npm;C:\Users\DELL\AppData\Local\Programs\Microsoft VS Code\bin;C:\Users\DELL\AppData\Local\Pandoc\;C:\Program Files\JetBrains\IntelliJ IDEA Community Edition 2019.3.1\bin;;D:\Installers\mongodb-shell-win32-x86_64-2012plus-4.2.2\mongodb-win32-x86_64-2012plus-4.2.2\bin;C:\Users\DELL\AppData\Local\Microsoft\WindowsApps;C:\Users\DELL\AppData\Roaming\Python\Python38\Scripts;C:\ProgramData\Anaconda3\DLLs;C:\ProgramData\Anaconda3;C:\Users\DELL\AppData\Local\Programs\Julia 1.5.1\bin;C:\Program Files\mingw-w64\x86_64-8.1.0-posix-seh-rt_v6-rev0\mingw64\bin;C:\ProgramData\Anaconda3\condabin;C:\ProgramData\Anaconda3\bin;C:\ProgramData\Anaconda3\Scripts;C:\ProgramData\Anaconda3\Library\bin;C:\ProgramData\Anaconda3\Library\usr\bin;C:\ProgramData\Anaconda3\Library\mingw-w64\bin;
10 verbose lifecycle minerva@1.0.0~start: CWD: C:\Users\DELL\Desktop\github\MinervaWeb\minerva\client
11 silly lifecycle minerva@1.0.0~start: Args: [ '/d /s /c', 'webpack serve' ]
12 silly lifecycle minerva@1.0.0~start: Returned: code: 3221225786  signal: null
13 info lifecycle minerva@1.0.0~start: Failed to exec start script
14 verbose stack Error: minerva@1.0.0 start: `webpack serve`
14 verbose stack Exit status 3221225786
14 verbose stack     at EventEmitter.<anonymous> (C:\Users\DELL\AppData\Roaming\npm\node_modules\npm\lib\utils\lifecycle.js:255:16)
14 verbose stack     at EventEmitter.emit (events.js:210:5)
14 verbose stack     at ChildProcess.<anonymous> (C:\Users\DELL\AppData\Roaming\npm\node_modules\npm\lib\utils\spawn.js:40:14)
14 verbose stack     at ChildProcess.emit (events.js:210:5)
14 verbose stack     at maybeClose (internal/child_process.js:1021:16)
14 verbose stack     at Process.ChildProcess._handle.onexit (internal/child_process.js:283:5)
15 verbose pkgid minerva@1.0.0
16 verbose cwd C:\Users\DELL\Desktop\github\MinervaWeb\minerva\client
17 error Windows_NT 10.0.18363
18 error argv "C:\\Program Files\\nodejs\\node.exe" "C:\\Users\\DELL\\AppData\\Roaming\\npm\\node_modules\\npm\\bin\\npm-cli.js" "start"
19 error node v12.14.0
20 error npm  v3.10.10
21 error code ELIFECYCLE
22 error minerva@1.0.0 start: `webpack serve`
22 error Exit status 3221225786
23 error Failed at the minerva@1.0.0 start script 'webpack serve'.
23 error Make sure you have the latest version of node.js and npm installed.
23 error If you do, this is most likely a problem with the minerva package,
23 error not with npm itself.
23 error Tell the author that this fails on your system:
23 error     webpack serve
23 error You can get information on how to open an issue for this project with:
23 error     npm bugs minerva
23 error Or if that isn't available, you can get their info via:
23 error     npm owner ls minerva
23 error There is likely additional logging output above.
24 verbose exit [ 1, true ]
